{"/home/juanmateo/src/2026-IS/Ing_de_Software_II/src/app.js": {"path":"/home/juanmateo/src/2026-IS/Ing_de_Software_II/src/app.js","statementMap":{"0":{"start":{"line":1,"column":16},"end":{"line":1,"column":34}},"1":{"start":{"line":2,"column":12},"end":{"line":2,"column":21}},"2":{"start":{"line":4,"column":0},"end":{"line":6,"column":3}},"3":{"start":{"line":5,"column":2},"end":{"line":5,"column":41}},"4":{"start":{"line":8,"column":0},"end":{"line":10,"column":3}},"5":{"start":{"line":9,"column":2},"end":{"line":9,"column":52}},"6":{"start":{"line":12,"column":0},"end":{"line":14,"column":3}},"7":{"start":{"line":13,"column":2},"end":{"line":13,"column":33}},"8":{"start":{"line":16,"column":0},"end":{"line":16,"column":21}},"9":{"start":{"line":18,"column":0},"end":{"line":23,"column":1}},"10":{"start":{"line":19,"column":15},"end":{"line":19,"column":39}},"11":{"start":{"line":20,"column":2},"end":{"line":22,"column":5}},"12":{"start":{"line":21,"column":4},"end":{"line":21,"column":50}}},"fnMap":{"0":{"name":"(anonymous_0)","decl":{"start":{"line":4,"column":13},"end":{"line":4,"column":14}},"loc":{"start":{"line":4,"column":27},"end":{"line":6,"column":1}},"line":4},"1":{"name":"(anonymous_1)","decl":{"start":{"line":8,"column":19},"end":{"line":8,"column":20}},"loc":{"start":{"line":8,"column":33},"end":{"line":10,"column":1}},"line":8},"2":{"name":"(anonymous_2)","decl":{"start":{"line":12,"column":20},"end":{"line":12,"column":21}},"loc":{"start":{"line":12,"column":34},"end":{"line":14,"column":1}},"line":12},"3":{"name":"(anonymous_3)","decl":{"start":{"line":20,"column":19},"end":{"line":20,"column":20}},"loc":{"start":{"line":20,"column":25},"end":{"line":22,"column":3}},"line":20}},"branchMap":{"0":{"loc":{"start":{"line":18,"column":0},"end":{"line":23,"column":1}},"type":"if","locations":[{"start":{"line":18,"column":0},"end":{"line":23,"column":1}},{"start":{},"end":{}}],"line":18},"1":{"loc":{"start":{"line":19,"column":15},"end":{"line":19,"column":39}},"type":"binary-expr","locations":[{"start":{"line":19,"column":15},"end":{"line":19,"column":31}},{"start":{"line":19,"column":35},"end":{"line":19,"column":39}}],"line":19}},"s":{"0":1,"1":1,"2":1,"3":1,"4":1,"5":1,"6":1,"7":1,"8":1,"9":1,"10":0,"11":0,"12":0},"f":{"0":1,"1":1,"2":1,"3":0},"b":{"0":[0,1],"1":[0,0]},"_coverageSchema":"1a1c01bbd47fc00a2c39e90264f33305004495a9","hash":"9c52b4315ef71c5ba78eef54f389d7776c823cc3"}
}
